Determining if the pthread_create exist failed with the following output:
Change Dir: /home/ubuntu/catkin_ws/build_isolated/dozap/CMakeFiles/CMakeTmp

Run Build Command:"/usr/bin/make" "cmTC_373be/fast"
/usr/bin/make -f CMakeFiles/cmTC_373be.dir/build.make CMakeFiles/cmTC_373be.dir/build
make[1]: Entering directory '/home/ubuntu/catkin_ws/build_isolated/dozap/CMakeFiles/CMakeTmp'
Building C object CMakeFiles/cmTC_373be.dir/CheckSymbolExists.c.o
/usr/bin/cc     -o CMakeFiles/cmTC_373be.dir/CheckSymbolExists.c.o   -c /home/ubuntu/catkin_ws/build_isolated/dozap/CMakeFiles/CMakeTmp/CheckSymbolExists.c
Linking C executable cmTC_373be
/usr/bin/cmake -E cmake_link_script CMakeFiles/cmTC_373be.dir/link.txt --verbose=1
/usr/bin/cc       CMakeFiles/cmTC_373be.dir/CheckSymbolExists.c.o  -o cmTC_373be -rdynamic 
CMakeFiles/cmTC_373be.dir/CheckSymbolExists.c.o: In function `main':
CheckSymbolExists.c:(.text+0xe): undefined reference to `pthread_create'
CheckSymbolExists.c:(.text+0x12): undefined reference to `pthread_create'
collect2: error: ld returned 1 exit status
CMakeFiles/cmTC_373be.dir/build.make:97: recipe for target 'cmTC_373be' failed
make[1]: *** [cmTC_373be] Error 1
make[1]: Leaving directory '/home/ubuntu/catkin_ws/build_isolated/dozap/CMakeFiles/CMakeTmp'
Makefile:126: recipe for target 'cmTC_373be/fast' failed
make: *** [cmTC_373be/fast] Error 2

File /home/ubuntu/catkin_ws/build_isolated/dozap/CMakeFiles/CMakeTmp/CheckSymbolExists.c:
/* */
#include <pthread.h>

int main(int argc, char** argv)
{
  (void)argv;
#ifndef pthread_create
  return ((int*)(&pthread_create))[argc];
#else
  (void)argc;
  return 0;
#endif
}

Determining if the function pthread_create exists in the pthreads failed with the following output:
Change Dir: /home/ubuntu/catkin_ws/build_isolated/dozap/CMakeFiles/CMakeTmp

Run Build Command:"/usr/bin/make" "cmTC_6bc65/fast"
/usr/bin/make -f CMakeFiles/cmTC_6bc65.dir/build.make CMakeFiles/cmTC_6bc65.dir/build
make[1]: Entering directory '/home/ubuntu/catkin_ws/build_isolated/dozap/CMakeFiles/CMakeTmp'
Building C object CMakeFiles/cmTC_6bc65.dir/CheckFunctionExists.c.o
/usr/bin/cc    -DCHECK_FUNCTION_EXISTS=pthread_create   -o CMakeFiles/cmTC_6bc65.dir/CheckFunctionExists.c.o   -c /usr/share/cmake-3.5/Modules/CheckFunctionExists.c
Linking C executable cmTC_6bc65
/usr/bin/cmake -E cmake_link_script CMakeFiles/cmTC_6bc65.dir/link.txt --verbose=1
/usr/bin/cc   -DCHECK_FUNCTION_EXISTS=pthread_create    CMakeFiles/cmTC_6bc65.dir/CheckFunctionExists.c.o  -o cmTC_6bc65 -rdynamic -lpthreads 
/usr/bin/ld: cannot find -lpthreads
collect2: error: ld returned 1 exit status
CMakeFiles/cmTC_6bc65.dir/build.make:97: recipe for target 'cmTC_6bc65' failed
make[1]: *** [cmTC_6bc65] Error 1
make[1]: Leaving directory '/home/ubuntu/catkin_ws/build_isolated/dozap/CMakeFiles/CMakeTmp'
Makefile:126: recipe for target 'cmTC_6bc65/fast' failed
make: *** [cmTC_6bc65/fast] Error 2


